Arguments: 
  /usr/local/bin/node /opt/yarn-v1.17.3/bin/yarn.js

PATH: 
  /usr/local/sbin:/usr/local/bin:/usr/sbin:/usr/bin:/sbin:/bin

Yarn version: 
  1.17.3

Node version: 
  10.16.3

Platform: 
  linux x64

Trace: 
  Error: http://cd.smartface.io/nexus/content/repositories/npmjs/@types/node/-/node-12.12.27.tgz: Request failed "404 Not Found"
      at ResponseError.ExtendableBuiltin (/opt/yarn-v1.17.3/lib/cli.js:696:66)
      at new ResponseError (/opt/yarn-v1.17.3/lib/cli.js:802:124)
      at Request.<anonymous> (/opt/yarn-v1.17.3/lib/cli.js:66900:16)
      at Request.emit (events.js:198:13)
      at Request.module.exports.Request.onRequestResponse (/opt/yarn-v1.17.3/lib/cli.js:141341:10)
      at ClientRequest.emit (events.js:203:15)
      at HTTPParser.parserOnIncomingClient [as onIncoming] (_http_client.js:556:21)
      at HTTPParser.parserOnHeadersComplete (_http_common.js:109:17)
      at Socket.socketOnData (_http_client.js:442:20)
      at Socket.emit (events.js:198:13)

npm manifest: 
  {
      "private": true,
      "dependencies": {
          "@smartface/contx": "^2.2.9",
          "@smartface/html-to-text": "^1.1.1",
          "@smartface/router": "^1.5.1",
          "@smartface/styler": "^1.3.15",
          "js-base": "^1.0.4",
          "sf-core": "^4.1.0",
          "sf-extension-utils": "^11.0.0"
      },
      "workspaces": [
          "../packages/*"
      ],
      "scripts": {
          "postinstall": "ENV_PATH=.smf/.env sfMarketplaceService install && rm -rf node_modules/.bin"
      }
  }

yarn manifest: 
  No manifest

Lockfile: 
  No lockfile
